2026-03-31 22:49:06,363 INFO django.utils.autoreload Watching for file changes with StatReloader
2026-03-31 22:52:13,669 INFO django.utils.autoreload Watching for file changes with StatReloader
2026-04-01 00:04:16,283 INFO django.utils.autoreload Watching for file changes with StatReloader
2026-04-01 00:06:52,377 INFO django.utils.autoreload C:\Users\hanz\OneDrive\Documents\onlineexam\onlineexam\backend\backend\settings.py changed, reloading.
2026-04-01 00:06:54,116 INFO django.utils.autoreload Watching for file changes with StatReloader
2026-04-01 00:25:19,747 INFO django.utils.autoreload Watching for file changes with StatReloader
2026-04-05 20:38:11,318 INFO notifications.email_utils Email sent successfully to SCSITonlineexam@gmail.com with subject SCSIT Online Exam email test
2026-04-05 20:49:12,553 INFO notifications.email_utils Email sent successfully to SCSITonlineexam@gmail.com with subject SCSIT Online Exam email test
2026-04-05 21:06:46,507 INFO notifications.email_utils Email sent successfully to hanzprahinog@gmail.com with subject Password Reset Request
2026-04-08 09:14:55,638 INFO django.utils.autoreload Watching for file changes with StatReloader
2026-04-08 09:17:38,260 ERROR django.request Internal Server Error: /admin/exams/examresult/
Traceback (most recent call last):
  File "C:\Users\hanz\AppData\Roaming\Python\Python313\site-packages\django\contrib\sessions\backends\base.py", line 246, in _get_session
    return self._session_cache
           ^^^^^^^^^^^^^^^^^^^
AttributeError: 'SessionStore' object has no attribute '_session_cache'

During handling of the above exception, another exception occurred:

Traceback (most recent call last):
  File "C:\Users\hanz\AppData\Roaming\Python\Python313\site-packages\django\db\backends\base\base.py", line 279, in ensure_connection
    self.connect()
    ~~~~~~~~~~~~^^
  File "C:\Users\hanz\AppData\Roaming\Python\Python313\site-packages\django\utils\asyncio.py", line 26, in inner
    return func(*args, **kwargs)
  File "C:\Users\hanz\AppData\Roaming\Python\Python313\site-packages\django\db\backends\base\base.py", line 256, in connect
    self.connection = self.get_new_connection(conn_params)
                      ~~~~~~~~~~~~~~~~~~~~~~~^^^^^^^^^^^^^
  File "C:\Users\hanz\AppData\Roaming\Python\Python313\site-packages\django\utils\asyncio.py", line 26, in inner
    return func(*args, **kwargs)
  File "C:\Users\hanz\AppData\Roaming\Python\Python313\site-packages\django\db\backends\postgresql\base.py", line 333, in get_new_connection
    connection = self.Database.connect(**conn_params)
  File "C:\Users\hanz\AppData\Roaming\Python\Python313\site-packages\psycopg2\__init__.py", line 135, in connect
    conn = _connect(dsn, connection_factory=connection_factory, **kwasync)
psycopg2.OperationalError: could not translate host name "dpg-d75us0shg0os73bbopp0-a.oregon-postgres.render.com" to address: Name or service not known


The above exception was the direct cause of the following exception:

Traceback (most recent call last):
  File "C:\Users\hanz\AppData\Roaming\Python\Python313\site-packages\django\core\handlers\exception.py", line 55, in inner
    response = get_response(request)
  File "C:\Users\hanz\AppData\Roaming\Python\Python313\site-packages\django\core\handlers\base.py", line 198, in _get_response
    response = wrapped_callback(request, *callback_args, **callback_kwargs)
  File "C:\Users\hanz\AppData\Roaming\Python\Python313\site-packages\django\contrib\admin\options.py", line 710, in wrapper
    return self.admin_site.admin_view(view)(*args, **kwargs)
           ~~~~~~~~~~~~~~~~~~~~~~~~~~~~~~~~^^^^^^^^^^^^^^^^^
  File "C:\Users\hanz\AppData\Roaming\Python\Python313\site-packages\django\utils\decorators.py", line 192, in _view_wrapper
    result = _process_exception(request, e)
  File "C:\Users\hanz\AppData\Roaming\Python\Python313\site-packages\django\utils\decorators.py", line 190, in _view_wrapper
    response = view_func(request, *args, **kwargs)
  File "C:\Users\hanz\AppData\Roaming\Python\Python313\site-packages\django\views\decorators\cache.py", line 80, in _view_wrapper
    response = view_func(request, *args, **kwargs)
  File "C:\Users\hanz\AppData\Roaming\Python\Python313\site-packages\django\contrib\admin\sites.py", line 235, in inner
    if not self.has_permission(request):
           ~~~~~~~~~~~~~~~~~~~^^^^^^^^^
  File "C:\Users\hanz\AppData\Roaming\Python\Python313\site-packages\django\contrib\admin\sites.py", line 208, in has_permission
    return request.user.is_active and request.user.is_staff
           ^^^^^^^^^^^^^^^^^^^^^^
  File "C:\Users\hanz\AppData\Roaming\Python\Python313\site-packages\django\utils\functional.py", line 251, in inner
    self._setup()
    ~~~~~~~~~~~^^
  File "C:\Users\hanz\AppData\Roaming\Python\Python313\site-packages\django\utils\functional.py", line 404, in _setup
    self._wrapped = self._setupfunc()
                    ~~~~~~~~~~~~~~~^^
  File "C:\Users\hanz\AppData\Roaming\Python\Python313\site-packages\django\contrib\auth\middleware.py", line 40, in <lambda>
    request.user = SimpleLazyObject(lambda: get_user(request))
                                            ~~~~~~~~^^^^^^^^^
  File "C:\Users\hanz\AppData\Roaming\Python\Python313\site-packages\django\contrib\auth\middleware.py", line 20, in get_user
    request._cached_user = auth.get_user(request)
                           ~~~~~~~~~~~~~^^^^^^^^^
  File "C:\Users\hanz\AppData\Roaming\Python\Python313\site-packages\django\contrib\auth\__init__.py", line 311, in get_user
    user_id = _get_user_session_key(request)
  File "C:\Users\hanz\AppData\Roaming\Python\Python313\site-packages\django\contrib\auth\__init__.py", line 95, in _get_user_session_key
    return get_user_model()._meta.pk.to_python(request.session[SESSION_KEY])
                                               ~~~~~~~~~~~~~~~^^^^^^^^^^^^^
  File "C:\Users\hanz\AppData\Roaming\Python\Python313\site-packages\django\contrib\sessions\backends\base.py", line 55, in __getitem__
    return self._session[key]
           ^^^^^^^^^^^^^
  File "C:\Users\hanz\AppData\Roaming\Python\Python313\site-packages\django\contrib\sessions\backends\base.py", line 251, in _get_session
    self._session_cache = self.load()
                          ~~~~~~~~~^^
  File "C:\Users\hanz\AppData\Roaming\Python\Python313\site-packages\django\contrib\sessions\backends\db.py", line 55, in load
    s = self._get_session_from_db()
  File "C:\Users\hanz\AppData\Roaming\Python\Python313\site-packages\django\contrib\sessions\backends\db.py", line 34, in _get_session_from_db
    return self.model.objects.get(
           ~~~~~~~~~~~~~~~~~~~~~~^
        session_key=self.session_key, expire_date__gt=timezone.now()
        ^^^^^^^^^^^^^^^^^^^^^^^^^^^^^^^^^^^^^^^^^^^^^^^^^^^^^^^^^^^^
    )
    ^
  File "C:\Users\hanz\AppData\Roaming\Python\Python313\site-packages\django\db\models\manager.py", line 87, in manager_method
    return getattr(self.get_queryset(), name)(*args, **kwargs)
           ~~~~~~~~~~~~~~~~~~~~~~~~~~~~~~~~~~^^^^^^^^^^^^^^^^^
  File "C:\Users\hanz\AppData\Roaming\Python\Python313\site-packages\django\db\models\query.py", line 635, in get
    num = len(clone)
  File "C:\Users\hanz\AppData\Roaming\Python\Python313\site-packages\django\db\models\query.py", line 372, in __len__
    self._fetch_all()
    ~~~~~~~~~~~~~~~^^
  File "C:\Users\hanz\AppData\Roaming\Python\Python313\site-packages\django\db\models\query.py", line 2000, in _fetch_all
    self._result_cache = list(self._iterable_class(self))
                         ~~~~^^^^^^^^^^^^^^^^^^^^^^^^^^^^
  File "C:\Users\hanz\AppData\Roaming\Python\Python313\site-packages\django\db\models\query.py", line 95, in __iter__
    results = compiler.execute_sql(
        chunked_fetch=self.chunked_fetch, chunk_size=self.chunk_size
    )
  File "C:\Users\hanz\AppData\Roaming\Python\Python313\site-packages\django\db\models\sql\compiler.py", line 1622, in execute_sql
    cursor = self.connection.cursor()
  File "C:\Users\hanz\AppData\Roaming\Python\Python313\site-packages\django\utils\asyncio.py", line 26, in inner
    return func(*args, **kwargs)
  File "C:\Users\hanz\AppData\Roaming\Python\Python313\site-packages\django\db\backends\base\base.py", line 320, in cursor
    return self._cursor()
           ~~~~~~~~~~~~^^
  File "C:\Users\hanz\AppData\Roaming\Python\Python313\site-packages\django\db\backends\base\base.py", line 296, in _cursor
    self.ensure_connection()
    ~~~~~~~~~~~~~~~~~~~~~~^^
  File "C:\Users\hanz\AppData\Roaming\Python\Python313\site-packages\django\utils\asyncio.py", line 26, in inner
    return func(*args, **kwargs)
  File "C:\Users\hanz\AppData\Roaming\Python\Python313\site-packages\django\db\backends\base\base.py", line 278, in ensure_connection
    with self.wrap_database_errors:
         ^^^^^^^^^^^^^^^^^^^^^^^^^
  File "C:\Users\hanz\AppData\Roaming\Python\Python313\site-packages\django\db\utils.py", line 94, in __exit__
    raise dj_exc_value.with_traceback(traceback) from exc_value
  File "C:\Users\hanz\AppData\Roaming\Python\Python313\site-packages\django\db\backends\base\base.py", line 279, in ensure_connection
    self.connect()
    ~~~~~~~~~~~~^^
  File "C:\Users\hanz\AppData\Roaming\Python\Python313\site-packages\django\utils\asyncio.py", line 26, in inner
    return func(*args, **kwargs)
  File "C:\Users\hanz\AppData\Roaming\Python\Python313\site-packages\django\db\backends\base\base.py", line 256, in connect
    self.connection = self.get_new_connection(conn_params)
                      ~~~~~~~~~~~~~~~~~~~~~~~^^^^^^^^^^^^^
  File "C:\Users\hanz\AppData\Roaming\Python\Python313\site-packages\django\utils\asyncio.py", line 26, in inner
    return func(*args, **kwargs)
  File "C:\Users\hanz\AppData\Roaming\Python\Python313\site-packages\django\db\backends\postgresql\base.py", line 333, in get_new_connection
    connection = self.Database.connect(**conn_params)
  File "C:\Users\hanz\AppData\Roaming\Python\Python313\site-packages\psycopg2\__init__.py", line 135, in connect
    conn = _connect(dsn, connection_factory=connection_factory, **kwasync)
django.db.utils.OperationalError: could not translate host name "dpg-d75us0shg0os73bbopp0-a.oregon-postgres.render.com" to address: Name or service not known

2026-04-08 09:17:38,536 WARNING django.request Not Found: /favicon.ico
2026-04-08 09:17:44,635 ERROR django.request Internal Server Error: /admin/user/user/
Traceback (most recent call last):
  File "C:\Users\hanz\AppData\Roaming\Python\Python313\site-packages\django\contrib\sessions\backends\base.py", line 246, in _get_session
    return self._session_cache
           ^^^^^^^^^^^^^^^^^^^
AttributeError: 'SessionStore' object has no attribute '_session_cache'

During handling of the above exception, another exception occurred:

Traceback (most recent call last):
  File "C:\Users\hanz\AppData\Roaming\Python\Python313\site-packages\django\db\backends\base\base.py", line 279, in ensure_connection
    self.connect()
    ~~~~~~~~~~~~^^
  File "C:\Users\hanz\AppData\Roaming\Python\Python313\site-packages\django\utils\asyncio.py", line 26, in inner
    return func(*args, **kwargs)
  File "C:\Users\hanz\AppData\Roaming\Python\Python313\site-packages\django\db\backends\base\base.py", line 256, in connect
    self.connection = self.get_new_connection(conn_params)
                      ~~~~~~~~~~~~~~~~~~~~~~~^^^^^^^^^^^^^
  File "C:\Users\hanz\AppData\Roaming\Python\Python313\site-packages\django\utils\asyncio.py", line 26, in inner
    return func(*args, **kwargs)
  File "C:\Users\hanz\AppData\Roaming\Python\Python313\site-packages\django\db\backends\postgresql\base.py", line 333, in get_new_connection
    connection = self.Database.connect(**conn_params)
  File "C:\Users\hanz\AppData\Roaming\Python\Python313\site-packages\psycopg2\__init__.py", line 135, in connect
    conn = _connect(dsn, connection_factory=connection_factory, **kwasync)
psycopg2.OperationalError: could not translate host name "dpg-d75us0shg0os73bbopp0-a.oregon-postgres.render.com" to address: Name or service not known


The above exception was the direct cause of the following exception:

Traceback (most recent call last):
  File "C:\Users\hanz\AppData\Roaming\Python\Python313\site-packages\django\core\handlers\exception.py", line 55, in inner
    response = get_response(request)
  File "C:\Users\hanz\AppData\Roaming\Python\Python313\site-packages\django\core\handlers\base.py", line 198, in _get_response
    response = wrapped_callback(request, *callback_args, **callback_kwargs)
  File "C:\Users\hanz\AppData\Roaming\Python\Python313\site-packages\django\contrib\admin\options.py", line 710, in wrapper
    return self.admin_site.admin_view(view)(*args, **kwargs)
           ~~~~~~~~~~~~~~~~~~~~~~~~~~~~~~~~^^^^^^^^^^^^^^^^^
  File "C:\Users\hanz\AppData\Roaming\Python\Python313\site-packages\django\utils\decorators.py", line 192, in _view_wrapper
    result = _process_exception(request, e)
  File "C:\Users\hanz\AppData\Roaming\Python\Python313\site-packages\django\utils\decorators.py", line 190, in _view_wrapper
    response = view_func(request, *args, **kwargs)
  File "C:\Users\hanz\AppData\Roaming\Python\Python313\site-packages\django\views\decorators\cache.py", line 80, in _view_wrapper
    response = view_func(request, *args, **kwargs)
  File "C:\Users\hanz\AppData\Roaming\Python\Python313\site-packages\django\contrib\admin\sites.py", line 235, in inner
    if not self.has_permission(request):
           ~~~~~~~~~~~~~~~~~~~^^^^^^^^^
  File "C:\Users\hanz\AppData\Roaming\Python\Python313\site-packages\django\contrib\admin\sites.py", line 208, in has_permission
    return request.user.is_active and request.user.is_staff
           ^^^^^^^^^^^^^^^^^^^^^^
  File "C:\Users\hanz\AppData\Roaming\Python\Python313\site-packages\django\utils\functional.py", line 251, in inner
    self._setup()
    ~~~~~~~~~~~^^
  File "C:\Users\hanz\AppData\Roaming\Python\Python313\site-packages\django\utils\functional.py", line 404, in _setup
    self._wrapped = self._setupfunc()
                    ~~~~~~~~~~~~~~~^^
  File "C:\Users\hanz\AppData\Roaming\Python\Python313\site-packages\django\contrib\auth\middleware.py", line 40, in <lambda>
    request.user = SimpleLazyObject(lambda: get_user(request))
                                            ~~~~~~~~^^^^^^^^^
  File "C:\Users\hanz\AppData\Roaming\Python\Python313\site-packages\django\contrib\auth\middleware.py", line 20, in get_user
    request._cached_user = auth.get_user(request)
                           ~~~~~~~~~~~~~^^^^^^^^^
  File "C:\Users\hanz\AppData\Roaming\Python\Python313\site-packages\django\contrib\auth\__init__.py", line 311, in get_user
    user_id = _get_user_session_key(request)
  File "C:\Users\hanz\AppData\Roaming\Python\Python313\site-packages\django\contrib\auth\__init__.py", line 95, in _get_user_session_key
    return get_user_model()._meta.pk.to_python(request.session[SESSION_KEY])
                                               ~~~~~~~~~~~~~~~^^^^^^^^^^^^^
  File "C:\Users\hanz\AppData\Roaming\Python\Python313\site-packages\django\contrib\sessions\backends\base.py", line 55, in __getitem__
    return self._session[key]
           ^^^^^^^^^^^^^
  File "C:\Users\hanz\AppData\Roaming\Python\Python313\site-packages\django\contrib\sessions\backends\base.py", line 251, in _get_session
    self._session_cache = self.load()
                          ~~~~~~~~~^^
  File "C:\Users\hanz\AppData\Roaming\Python\Python313\site-packages\django\contrib\sessions\backends\db.py", line 55, in load
    s = self._get_session_from_db()
  File "C:\Users\hanz\AppData\Roaming\Python\Python313\site-packages\django\contrib\sessions\backends\db.py", line 34, in _get_session_from_db
    return self.model.objects.get(
           ~~~~~~~~~~~~~~~~~~~~~~^
        session_key=self.session_key, expire_date__gt=timezone.now()
        ^^^^^^^^^^^^^^^^^^^^^^^^^^^^^^^^^^^^^^^^^^^^^^^^^^^^^^^^^^^^
    )
    ^
  File "C:\Users\hanz\AppData\Roaming\Python\Python313\site-packages\django\db\models\manager.py", line 87, in manager_method
    return getattr(self.get_queryset(), name)(*args, **kwargs)
           ~~~~~~~~~~~~~~~~~~~~~~~~~~~~~~~~~~^^^^^^^^^^^^^^^^^
  File "C:\Users\hanz\AppData\Roaming\Python\Python313\site-packages\django\db\models\query.py", line 635, in get
    num = len(clone)
  File "C:\Users\hanz\AppData\Roaming\Python\Python313\site-packages\django\db\models\query.py", line 372, in __len__
    self._fetch_all()
    ~~~~~~~~~~~~~~~^^
  File "C:\Users\hanz\AppData\Roaming\Python\Python313\site-packages\django\db\models\query.py", line 2000, in _fetch_all
    self._result_cache = list(self._iterable_class(self))
                         ~~~~^^^^^^^^^^^^^^^^^^^^^^^^^^^^
  File "C:\Users\hanz\AppData\Roaming\Python\Python313\site-packages\django\db\models\query.py", line 95, in __iter__
    results = compiler.execute_sql(
        chunked_fetch=self.chunked_fetch, chunk_size=self.chunk_size
    )
  File "C:\Users\hanz\AppData\Roaming\Python\Python313\site-packages\django\db\models\sql\compiler.py", line 1622, in execute_sql
    cursor = self.connection.cursor()
  File "C:\Users\hanz\AppData\Roaming\Python\Python313\site-packages\django\utils\asyncio.py", line 26, in inner
    return func(*args, **kwargs)
  File "C:\Users\hanz\AppData\Roaming\Python\Python313\site-packages\django\db\backends\base\base.py", line 320, in cursor
    return self._cursor()
           ~~~~~~~~~~~~^^
  File "C:\Users\hanz\AppData\Roaming\Python\Python313\site-packages\django\db\backends\base\base.py", line 296, in _cursor
    self.ensure_connection()
    ~~~~~~~~~~~~~~~~~~~~~~^^
  File "C:\Users\hanz\AppData\Roaming\Python\Python313\site-packages\django\utils\asyncio.py", line 26, in inner
    return func(*args, **kwargs)
  File "C:\Users\hanz\AppData\Roaming\Python\Python313\site-packages\django\db\backends\base\base.py", line 278, in ensure_connection
    with self.wrap_database_errors:
         ^^^^^^^^^^^^^^^^^^^^^^^^^
  File "C:\Users\hanz\AppData\Roaming\Python\Python313\site-packages\django\db\utils.py", line 94, in __exit__
    raise dj_exc_value.with_traceback(traceback) from exc_value
  File "C:\Users\hanz\AppData\Roaming\Python\Python313\site-packages\django\db\backends\base\base.py", line 279, in ensure_connection
    self.connect()
    ~~~~~~~~~~~~^^
  File "C:\Users\hanz\AppData\Roaming\Python\Python313\site-packages\django\utils\asyncio.py", line 26, in inner
    return func(*args, **kwargs)
  File "C:\Users\hanz\AppData\Roaming\Python\Python313\site-packages\django\db\backends\base\base.py", line 256, in connect
    self.connection = self.get_new_connection(conn_params)
                      ~~~~~~~~~~~~~~~~~~~~~~~^^^^^^^^^^^^^
  File "C:\Users\hanz\AppData\Roaming\Python\Python313\site-packages\django\utils\asyncio.py", line 26, in inner
    return func(*args, **kwargs)
  File "C:\Users\hanz\AppData\Roaming\Python\Python313\site-packages\django\db\backends\postgresql\base.py", line 333, in get_new_connection
    connection = self.Database.connect(**conn_params)
  File "C:\Users\hanz\AppData\Roaming\Python\Python313\site-packages\psycopg2\__init__.py", line 135, in connect
    conn = _connect(dsn, connection_factory=connection_factory, **kwasync)
django.db.utils.OperationalError: could not translate host name "dpg-d75us0shg0os73bbopp0-a.oregon-postgres.render.com" to address: Name or service not known

2026-04-08 09:17:47,709 ERROR django.request Internal Server Error: /admin/
Traceback (most recent call last):
  File "C:\Users\hanz\AppData\Roaming\Python\Python313\site-packages\django\contrib\sessions\backends\base.py", line 246, in _get_session
    return self._session_cache
           ^^^^^^^^^^^^^^^^^^^
AttributeError: 'SessionStore' object has no attribute '_session_cache'

During handling of the above exception, another exception occurred:

Traceback (most recent call last):
  File "C:\Users\hanz\AppData\Roaming\Python\Python313\site-packages\django\db\backends\base\base.py", line 279, in ensure_connection
    self.connect()
    ~~~~~~~~~~~~^^
  File "C:\Users\hanz\AppData\Roaming\Python\Python313\site-packages\django\utils\asyncio.py", line 26, in inner
    return func(*args, **kwargs)
  File "C:\Users\hanz\AppData\Roaming\Python\Python313\site-packages\django\db\backends\base\base.py", line 256, in connect
    self.connection = self.get_new_connection(conn_params)
                      ~~~~~~~~~~~~~~~~~~~~~~~^^^^^^^^^^^^^
  File "C:\Users\hanz\AppData\Roaming\Python\Python313\site-packages\django\utils\asyncio.py", line 26, in inner
    return func(*args, **kwargs)
  File "C:\Users\hanz\AppData\Roaming\Python\Python313\site-packages\django\db\backends\postgresql\base.py", line 333, in get_new_connection
    connection = self.Database.connect(**conn_params)
  File "C:\Users\hanz\AppData\Roaming\Python\Python313\site-packages\psycopg2\__init__.py", line 135, in connect
    conn = _connect(dsn, connection_factory=connection_factory, **kwasync)
psycopg2.OperationalError: could not translate host name "dpg-d75us0shg0os73bbopp0-a.oregon-postgres.render.com" to address: Name or service not known


The above exception was the direct cause of the following exception:

Traceback (most recent call last):
  File "C:\Users\hanz\AppData\Roaming\Python\Python313\site-packages\django\core\handlers\exception.py", line 55, in inner
    response = get_response(request)
  File "C:\Users\hanz\AppData\Roaming\Python\Python313\site-packages\django\core\handlers\base.py", line 198, in _get_response
    response = wrapped_callback(request, *callback_args, **callback_kwargs)
  File "C:\Users\hanz\AppData\Roaming\Python\Python313\site-packages\django\contrib\admin\sites.py", line 266, in wrapper
    return self.admin_view(view, cacheable)(*args, **kwargs)
           ~~~~~~~~~~~~~~~~~~~~~~~~~~~~~~~~^^^^^^^^^^^^^^^^^
  File "C:\Users\hanz\AppData\Roaming\Python\Python313\site-packages\django\utils\decorators.py", line 192, in _view_wrapper
    result = _process_exception(request, e)
  File "C:\Users\hanz\AppData\Roaming\Python\Python313\site-packages\django\utils\decorators.py", line 190, in _view_wrapper
    response = view_func(request, *args, **kwargs)
  File "C:\Users\hanz\AppData\Roaming\Python\Python313\site-packages\django\views\decorators\cache.py", line 80, in _view_wrapper
    response = view_func(request, *args, **kwargs)
  File "C:\Users\hanz\AppData\Roaming\Python\Python313\site-packages\django\contrib\admin\sites.py", line 235, in inner
    if not self.has_permission(request):
           ~~~~~~~~~~~~~~~~~~~^^^^^^^^^
  File "C:\Users\hanz\AppData\Roaming\Python\Python313\site-packages\django\contrib\admin\sites.py", line 208, in has_permission
    return request.user.is_active and request.user.is_staff
           ^^^^^^^^^^^^^^^^^^^^^^
  File "C:\Users\hanz\AppData\Roaming\Python\Python313\site-packages\django\utils\functional.py", line 251, in inner
    self._setup()
    ~~~~~~~~~~~^^
  File "C:\Users\hanz\AppData\Roaming\Python\Python313\site-packages\django\utils\functional.py", line 404, in _setup
    self._wrapped = self._setupfunc()
                    ~~~~~~~~~~~~~~~^^
  File "C:\Users\hanz\AppData\Roaming\Python\Python313\site-packages\django\contrib\auth\middleware.py", line 40, in <lambda>
    request.user = SimpleLazyObject(lambda: get_user(request))
                                            ~~~~~~~~^^^^^^^^^
  File "C:\Users\hanz\AppData\Roaming\Python\Python313\site-packages\django\contrib\auth\middleware.py", line 20, in get_user
    request._cached_user = auth.get_user(request)
                           ~~~~~~~~~~~~~^^^^^^^^^
  File "C:\Users\hanz\AppData\Roaming\Python\Python313\site-packages\django\contrib\auth\__init__.py", line 311, in get_user
    user_id = _get_user_session_key(request)
  File "C:\Users\hanz\AppData\Roaming\Python\Python313\site-packages\django\contrib\auth\__init__.py", line 95, in _get_user_session_key
    return get_user_model()._meta.pk.to_python(request.session[SESSION_KEY])
                                               ~~~~~~~~~~~~~~~^^^^^^^^^^^^^
  File "C:\Users\hanz\AppData\Roaming\Python\Python313\site-packages\django\contrib\sessions\backends\base.py", line 55, in __getitem__
    return self._session[key]
           ^^^^^^^^^^^^^
  File "C:\Users\hanz\AppData\Roaming\Python\Python313\site-packages\django\contrib\sessions\backends\base.py", line 251, in _get_session
    self._session_cache = self.load()
                          ~~~~~~~~~^^
  File "C:\Users\hanz\AppData\Roaming\Python\Python313\site-packages\django\contrib\sessions\backends\db.py", line 55, in load
    s = self._get_session_from_db()
  File "C:\Users\hanz\AppData\Roaming\Python\Python313\site-packages\django\contrib\sessions\backends\db.py", line 34, in _get_session_from_db
    return self.model.objects.get(
           ~~~~~~~~~~~~~~~~~~~~~~^
        session_key=self.session_key, expire_date__gt=timezone.now()
        ^^^^^^^^^^^^^^^^^^^^^^^^^^^^^^^^^^^^^^^^^^^^^^^^^^^^^^^^^^^^
    )
    ^
  File "C:\Users\hanz\AppData\Roaming\Python\Python313\site-packages\django\db\models\manager.py", line 87, in manager_method
    return getattr(self.get_queryset(), name)(*args, **kwargs)
           ~~~~~~~~~~~~~~~~~~~~~~~~~~~~~~~~~~^^^^^^^^^^^^^^^^^
  File "C:\Users\hanz\AppData\Roaming\Python\Python313\site-packages\django\db\models\query.py", line 635, in get
    num = len(clone)
  File "C:\Users\hanz\AppData\Roaming\Python\Python313\site-packages\django\db\models\query.py", line 372, in __len__
    self._fetch_all()
    ~~~~~~~~~~~~~~~^^
  File "C:\Users\hanz\AppData\Roaming\Python\Python313\site-packages\django\db\models\query.py", line 2000, in _fetch_all
    self._result_cache = list(self._iterable_class(self))
                         ~~~~^^^^^^^^^^^^^^^^^^^^^^^^^^^^
  File "C:\Users\hanz\AppData\Roaming\Python\Python313\site-packages\django\db\models\query.py", line 95, in __iter__
    results = compiler.execute_sql(
        chunked_fetch=self.chunked_fetch, chunk_size=self.chunk_size
    )
  File "C:\Users\hanz\AppData\Roaming\Python\Python313\site-packages\django\db\models\sql\compiler.py", line 1622, in execute_sql
    cursor = self.connection.cursor()
  File "C:\Users\hanz\AppData\Roaming\Python\Python313\site-packages\django\utils\asyncio.py", line 26, in inner
    return func(*args, **kwargs)
  File "C:\Users\hanz\AppData\Roaming\Python\Python313\site-packages\django\db\backends\base\base.py", line 320, in cursor
    return self._cursor()
           ~~~~~~~~~~~~^^
  File "C:\Users\hanz\AppData\Roaming\Python\Python313\site-packages\django\db\backends\base\base.py", line 296, in _cursor
    self.ensure_connection()
    ~~~~~~~~~~~~~~~~~~~~~~^^
  File "C:\Users\hanz\AppData\Roaming\Python\Python313\site-packages\django\utils\asyncio.py", line 26, in inner
    return func(*args, **kwargs)
  File "C:\Users\hanz\AppData\Roaming\Python\Python313\site-packages\django\db\backends\base\base.py", line 278, in ensure_connection
    with self.wrap_database_errors:
         ^^^^^^^^^^^^^^^^^^^^^^^^^
  File "C:\Users\hanz\AppData\Roaming\Python\Python313\site-packages\django\db\utils.py", line 94, in __exit__
    raise dj_exc_value.with_traceback(traceback) from exc_value
  File "C:\Users\hanz\AppData\Roaming\Python\Python313\site-packages\django\db\backends\base\base.py", line 279, in ensure_connection
    self.connect()
    ~~~~~~~~~~~~^^
  File "C:\Users\hanz\AppData\Roaming\Python\Python313\site-packages\django\utils\asyncio.py", line 26, in inner
    return func(*args, **kwargs)
  File "C:\Users\hanz\AppData\Roaming\Python\Python313\site-packages\django\db\backends\base\base.py", line 256, in connect
    self.connection = self.get_new_connection(conn_params)
                      ~~~~~~~~~~~~~~~~~~~~~~~^^^^^^^^^^^^^
  File "C:\Users\hanz\AppData\Roaming\Python\Python313\site-packages\django\utils\asyncio.py", line 26, in inner
    return func(*args, **kwargs)
  File "C:\Users\hanz\AppData\Roaming\Python\Python313\site-packages\django\db\backends\postgresql\base.py", line 333, in get_new_connection
    connection = self.Database.connect(**conn_params)
  File "C:\Users\hanz\AppData\Roaming\Python\Python313\site-packages\psycopg2\__init__.py", line 135, in connect
    conn = _connect(dsn, connection_factory=connection_factory, **kwasync)
django.db.utils.OperationalError: could not translate host name "dpg-d75us0shg0os73bbopp0-a.oregon-postgres.render.com" to address: Name or service not known

2026-04-08 12:31:13,632 INFO django.utils.autoreload Watching for file changes with StatReloader
2026-04-08 12:45:05,234 INFO django.utils.autoreload C:\Users\hanz\OneDrive\Documents\onlineexam\onlineexam\backend\user\models.py changed, reloading.
2026-04-08 12:45:08,208 INFO django.utils.autoreload Watching for file changes with StatReloader
2026-04-08 12:45:16,484 INFO django.utils.autoreload C:\Users\hanz\OneDrive\Documents\onlineexam\onlineexam\backend\notifications\email_utils.py changed, reloading.
2026-04-08 12:45:18,251 INFO django.utils.autoreload Watching for file changes with StatReloader
2026-04-08 12:45:59,552 INFO django.utils.autoreload C:\Users\hanz\OneDrive\Documents\onlineexam\onlineexam\backend\user\views.py changed, reloading.
2026-04-08 12:46:01,635 INFO django.utils.autoreload Watching for file changes with StatReloader
2026-04-08 12:46:16,562 INFO django.utils.autoreload C:\Users\hanz\OneDrive\Documents\onlineexam\onlineexam\backend\user\views.py changed, reloading.
2026-04-08 12:46:18,507 INFO django.utils.autoreload Watching for file changes with StatReloader
2026-04-08 12:48:05,850 INFO django.utils.autoreload C:\Users\hanz\OneDrive\Documents\onlineexam\onlineexam\backend\user\views.py changed, reloading.
2026-04-08 12:48:07,590 INFO django.utils.autoreload Watching for file changes with StatReloader
2026-04-08 12:48:28,744 INFO django.utils.autoreload C:\Users\hanz\OneDrive\Documents\onlineexam\onlineexam\backend\user\views.py changed, reloading.
2026-04-08 12:48:30,444 INFO django.utils.autoreload Watching for file changes with StatReloader
2026-04-08 12:48:44,333 INFO django.utils.autoreload C:\Users\hanz\OneDrive\Documents\onlineexam\onlineexam\backend\user\views.py changed, reloading.
2026-04-08 12:48:46,238 INFO django.utils.autoreload Watching for file changes with StatReloader
2026-04-08 12:48:55,851 INFO django.utils.autoreload C:\Users\hanz\OneDrive\Documents\onlineexam\onlineexam\backend\user\views.py changed, reloading.
2026-04-08 12:48:58,029 INFO django.utils.autoreload Watching for file changes with StatReloader
2026-04-08 12:49:27,920 INFO django.utils.autoreload C:\Users\hanz\OneDrive\Documents\onlineexam\onlineexam\backend\user\views.py changed, reloading.
2026-04-08 12:49:30,004 INFO django.utils.autoreload Watching for file changes with StatReloader
2026-04-08 12:49:33,778 INFO django.utils.autoreload C:\Users\hanz\OneDrive\Documents\onlineexam\onlineexam\backend\user\views.py changed, reloading.
2026-04-08 12:49:35,477 INFO django.utils.autoreload Watching for file changes with StatReloader
2026-04-08 12:50:04,410 INFO django.utils.autoreload C:\Users\hanz\OneDrive\Documents\onlineexam\onlineexam\backend\user\views.py changed, reloading.
2026-04-08 12:50:06,110 INFO django.utils.autoreload Watching for file changes with StatReloader
2026-04-08 12:50:11,116 INFO django.utils.autoreload C:\Users\hanz\OneDrive\Documents\onlineexam\onlineexam\backend\user\views.py changed, reloading.
2026-04-08 12:50:12,790 INFO django.utils.autoreload Watching for file changes with StatReloader
2026-04-08 12:52:09,674 INFO django.utils.autoreload C:\Users\hanz\OneDrive\Documents\onlineexam\onlineexam\backend\user\views.py changed, reloading.
2026-04-08 12:52:11,722 INFO django.utils.autoreload Watching for file changes with StatReloader
2026-04-08 12:52:17,610 INFO django.utils.autoreload C:\Users\hanz\OneDrive\Documents\onlineexam\onlineexam\backend\user\views.py changed, reloading.
2026-04-08 12:52:19,369 INFO django.utils.autoreload Watching for file changes with StatReloader
2026-04-08 12:52:21,653 INFO django.utils.autoreload C:\Users\hanz\OneDrive\Documents\onlineexam\onlineexam\backend\user\views.py changed, reloading.
2026-04-08 12:52:23,270 INFO django.utils.autoreload Watching for file changes with StatReloader
2026-04-08 12:52:32,680 INFO django.utils.autoreload C:\Users\hanz\OneDrive\Documents\onlineexam\onlineexam\backend\user\views.py changed, reloading.
2026-04-08 12:52:34,352 INFO django.utils.autoreload Watching for file changes with StatReloader
2026-04-08 12:52:42,571 INFO django.utils.autoreload C:\Users\hanz\OneDrive\Documents\onlineexam\onlineexam\backend\user\views.py changed, reloading.
2026-04-08 12:52:44,254 INFO django.utils.autoreload Watching for file changes with StatReloader
2026-04-08 12:53:02,570 INFO django.utils.autoreload C:\Users\hanz\OneDrive\Documents\onlineexam\onlineexam\backend\user\views.py changed, reloading.
2026-04-08 12:53:04,324 INFO django.utils.autoreload Watching for file changes with StatReloader
2026-04-08 12:53:09,051 INFO django.utils.autoreload C:\Users\hanz\OneDrive\Documents\onlineexam\onlineexam\backend\user\views.py changed, reloading.
2026-04-08 12:53:10,706 INFO django.utils.autoreload Watching for file changes with StatReloader
2026-04-08 12:53:32,569 INFO django.utils.autoreload C:\Users\hanz\OneDrive\Documents\onlineexam\onlineexam\backend\user\views.py changed, reloading.
2026-04-08 12:53:34,407 INFO django.utils.autoreload Watching for file changes with StatReloader
2026-04-08 12:53:57,003 INFO django.utils.autoreload C:\Users\hanz\OneDrive\Documents\onlineexam\onlineexam\backend\exams\views.py changed, reloading.
2026-04-08 12:53:58,726 INFO django.utils.autoreload Watching for file changes with StatReloader
2026-04-08 12:54:04,718 INFO django.utils.autoreload C:\Users\hanz\OneDrive\Documents\onlineexam\onlineexam\backend\exams\views.py changed, reloading.
2026-04-08 12:54:06,366 INFO django.utils.autoreload Watching for file changes with StatReloader
2026-04-08 12:57:20,215 INFO django.utils.autoreload C:\Users\hanz\OneDrive\Documents\onlineexam\onlineexam\backend\user\views.py changed, reloading.
2026-04-08 12:57:22,087 INFO django.utils.autoreload Watching for file changes with StatReloader
2026-04-08 12:57:24,213 INFO django.utils.autoreload C:\Users\hanz\OneDrive\Documents\onlineexam\onlineexam\backend\user\views.py changed, reloading.
2026-04-08 13:00:30,296 INFO django.utils.autoreload Watching for file changes with StatReloader
